Attempting to fetch posts at 2025-05-22 15:22:32
Successfully fetched 2 posts at 2025-05-22 15:22:32
Attempting to fetch posts at 2025-05-22 15:25:23
Successfully fetched 2 posts at 2025-05-22 15:25:23
Attempting to fetch posts at 2025-05-22 15:25:23
Successfully fetched 2 posts at 2025-05-22 15:25:23
Attempting to fetch posts at 2025-05-22 15:25:24
Successfully fetched 2 posts at 2025-05-22 15:25:24
Attempting to fetch posts at 2025-05-22 15:25:25
Successfully fetched 2 posts at 2025-05-22 15:25:25
Attempting to fetch posts at 2025-05-22 15:26:52
Successfully fetched 2 posts at 2025-05-22 15:26:52
Attempting to fetch posts at 2025-05-22 15:26:53
Successfully fetched 2 posts at 2025-05-22 15:26:53
Attempting to fetch posts at 2025-05-22 15:26:53
Successfully fetched 2 posts at 2025-05-22 15:26:53
Attempting to fetch posts at 2025-05-22 15:26:53
Successfully fetched 2 posts at 2025-05-22 15:26:53
Attempting to fetch posts at 2025-05-22 15:27:53
Successfully fetched 2 posts at 2025-05-22 15:27:53
Attempting to fetch posts at 2025-05-22 15:27:58
Successfully fetched 2 posts at 2025-05-22 15:27:58
Attempting to fetch posts at 2025-05-22 15:28:02
Successfully fetched 2 posts at 2025-05-22 15:28:02
Attempting to fetch posts at 2025-05-22 15:29:14
Successfully fetched 2 posts at 2025-05-22 15:29:14
Attempting to fetch posts at 2025-05-22 15:30:24
Successfully fetched 2 posts at 2025-05-22 15:30:24
Fetch posts request started at 2025-05-22 15:38:18
Fetch posts request started at 2025-05-22 15:38:18
Fetch posts request started at 2025-05-22 15:38:18
Fetch posts request started at 2025-05-22 15:38:19
Fetch posts request started at 2025-05-22 15:38:37
Fetch posts request started at 2025-05-22 15:41:37
Session check passed for user bikash at 2025-05-22 15:41:37
Fetch posts request started at 2025-05-22 15:45:08
Session check passed for user bikash at 2025-05-22 15:45:08
Fetch posts request started at 2025-05-22 15:45:08
Session check passed for user bikash at 2025-05-22 15:45:08
Fetch posts request started at 2025-05-22 15:45:09
Session check passed for user bikash at 2025-05-22 15:45:09
Fetch posts request started at 2025-05-22 15:45:09
Session check passed for user bikash at 2025-05-22 15:45:09
Fetch posts request started at 2025-05-22 15:46:04
Session check passed for user bikash at 2025-05-22 15:46:04
Fetch posts request started at 2025-05-22 15:46:05
Session check passed for user bikash at 2025-05-22 15:46:05
Fetch posts request started at 2025-05-22 15:46:05
Session check passed for user bikash at 2025-05-22 15:46:05
Fetch posts request started at 2025-05-22 15:46:05
Session check passed for user bikash at 2025-05-22 15:46:05
Fetch posts request started at 2025-05-22 15:46:05
Session check passed for user bikash at 2025-05-22 15:46:05
Fetch posts request started at 2025-05-22 15:46:05
Session check passed for user bikash at 2025-05-22 15:46:05
Fetch posts request started at 2025-05-22 15:46:06
Session check passed for user bikash at 2025-05-22 15:46:06
Fetch posts request started at 2025-05-22 15:46:56
Session check passed for user bikash at 2025-05-22 15:46:56
Fetch posts request started at 2025-05-22 15:49:49
Session check passed for user bikash at 2025-05-22 15:49:49
Fetch posts script started at 2025-05-22 15:53:54
Session started at 2025-05-22 15:53:54
Session check passed for user bikash at 2025-05-22 15:53:54
Fetch posts script started at 2025-05-22 15:57:10
Session started at 2025-05-22 15:57:10
Session check passed for user bikash at 2025-05-22 15:57:10
Fetch posts script started at 2025-05-22 15:58:11
Session started at 2025-05-22 15:58:11
Session check passed for user bikash at 2025-05-22 15:58:11
Fetch posts script started at 2025-05-22 16:07:15
Session started at 2025-05-22 16:07:15
Session data: {"id":"3","username":"bikash","csrf_token":"d08c3f9b631379ea9b1df444047e4c834b071ceeda469ef6d3d0d1a7c99007a1"} at 2025-05-22 16:07:15
Session check passed for user bikash at 2025-05-22 16:07:15
Fetch posts script started at 2025-05-22 16:08:40
Session started at 2025-05-22 16:08:40
Session data: {"id":"3","username":"bikash","csrf_token":"dd21af1106ff388b36aa254a42af18bbee54577523884acf66c353c0be4b1247"} at 2025-05-22 16:08:40
Session check passed for user bikash at 2025-05-22 16:08:40
Fetch posts script started at 2025-05-22 16:08:43
Session started at 2025-05-22 16:08:43
Session data: {"id":"3","username":"bikash","csrf_token":"96a60487129c6101e731940109aeed61e94d01a0fadb37b30fb6f844c0f1f429"} at 2025-05-22 16:08:43
Session check passed for user bikash at 2025-05-22 16:08:43
Fetch posts script started at 2025-05-22 16:08:43
Session started at 2025-05-22 16:08:43
Session data: {"id":"3","username":"bikash","csrf_token":"404226ee5b3d0764ad6c5b453ad72dfbae86384d942bc5d9832700e058898370"} at 2025-05-22 16:08:43
Session check passed for user bikash at 2025-05-22 16:08:43
Fetch posts script started at 2025-05-22 16:10:14
Session started at 2025-05-22 16:10:14
Session data: {"id":"3","username":"bikash","csrf_token":"85ecb8c0be2b8133cdc4745c9b55c11f7aa90ac9d61beed43604897221c301a4"} at 2025-05-22 16:10:14
Session check passed for user bikash at 2025-05-22 16:10:14
Fetch posts script started at 2025-05-22 16:26:50
Session started at 2025-05-22 16:26:50
Session data: {"id":"3","username":"bikash","csrf_token":"2fa35f0f52ca9faf8716633f8637dd85047316c6fe49c57fcf14f3a0a0c68944"} at 2025-05-22 16:26:50
Session check passed for user bikash at 2025-05-22 16:26:50
Fetch posts script started at 2025-05-22 16:29:15
Session started at 2025-05-22 16:29:15
Session data: {"id":"3","username":"bikash","csrf_token":"88628bf5db4bb81c12dcebc10a3b2fbb839930ac741df7cf6c6794879965cf84"} at 2025-05-22 16:29:15
Session check passed for user bikash at 2025-05-22 16:29:15
Fetch posts script started at 2025-05-22 16:39:25
Session started at 2025-05-22 16:39:25
Session data: {"id":"3","username":"bikash","csrf_token":"fbcf86e42ae9ba9a8f809c884b90260b919c26d50659cc6f8250cf6b5a17fbff"} at 2025-05-22 16:39:25
Session check passed for user bikash at 2025-05-22 16:39:25
Fetch posts script started at 2025-05-22 16:41:33
Session started at 2025-05-22 16:41:33
Session data: {"id":"3","username":"bikash","csrf_token":"b5c0c08b07bbb7e514b1c14a520555010aa6d5cfbb1210de28fb2592fe75f22c"} at 2025-05-22 16:41:33
Session check passed for user bikash at 2025-05-22 16:41:33
Fetch posts script started at 2025-05-22 16:42:07
Session started at 2025-05-22 16:42:07
Session data: {"id":"3","username":"bikash","csrf_token":"0673bfef5f2d3eb88e5fb1331dd0733b8ae61a34dd8eeff4c00f3c419de9f6b1"} at 2025-05-22 16:42:07
Session check passed for user bikash at 2025-05-22 16:42:07
Fetch posts script started at 2025-05-22 16:42:07
Session started at 2025-05-22 16:42:07
Session data: {"id":"3","username":"bikash","csrf_token":"06fb89ee884bcdd5e605a14cb9559b85dacec67af1c435f0e90b6836472ccec6"} at 2025-05-22 16:42:07
Session check passed for user bikash at 2025-05-22 16:42:07
Fetch posts script started at 2025-05-22 16:45:25
Session started at 2025-05-22 16:45:25
Session data: {"id":"3","username":"bikash","csrf_token":"7076ca5e4eb9dbcfc2cd9c9fc96c26acd5dbd2ab8447d67d437f1c93a3f4e8ee"} at 2025-05-22 16:45:25
Session check passed for user bikash at 2025-05-22 16:45:25
Fetch posts script started at 2025-05-22 16:45:25
Session started at 2025-05-22 16:45:25
Session data: {"id":"3","username":"bikash","csrf_token":"8080b9f9ec2927758ccbffdac9fb243b522934656861680dd6a3155620acc933"} at 2025-05-22 16:45:25
Session check passed for user bikash at 2025-05-22 16:45:25
Fetch posts script started at 2025-05-22 16:45:26
Session started at 2025-05-22 16:45:26
Session data: {"id":"3","username":"bikash","csrf_token":"3b9dcf286f2f7ca7ed32a304921a0012ecdf80774624d60fe0b904b856d1f8e9"} at 2025-05-22 16:45:26
Session check passed for user bikash at 2025-05-22 16:45:26
Fetch posts script started at 2025-05-22 16:49:11
Session started at 2025-05-22 16:49:11
Session data: {"id":"3","username":"bikash","csrf_token":"b0a6b574865f7c864930dfe3fef66a593be4880a68a1964b1ade86494d0d410a"} at 2025-05-22 16:49:11
Session check passed for user bikash at 2025-05-22 16:49:11
Fetch posts script started at 2025-05-22 16:49:13
Session started at 2025-05-22 16:49:13
Session data: {"id":"3","username":"bikash","csrf_token":"6481f093df768eede92a8daa0098486260d8a7e1025d1c730c2f521140ea93d3"} at 2025-05-22 16:49:13
Session check passed for user bikash at 2025-05-22 16:49:13
Fetch posts script started at 2025-05-22 16:49:13
Session started at 2025-05-22 16:49:13
Session data: {"id":"3","username":"bikash","csrf_token":"b54bbf80eb80358d459f85095a21db9f9b8d223af1fe629356591fd25ea5401d"} at 2025-05-22 16:49:13
Session check passed for user bikash at 2025-05-22 16:49:13
Fetch posts script started at 2025-05-22 16:49:21
Session started at 2025-05-22 16:49:21
Session data: {"id":"3","username":"bikash","csrf_token":"015082a11a523b9e143912d893c882c765b3f91f7c1ac58cd6c78a8da1cfbdc8"} at 2025-05-22 16:49:21
Session check passed for user bikash at 2025-05-22 16:49:21
Fetch posts script started at 2025-05-22 16:49:22
Session started at 2025-05-22 16:49:22
Session data: {"id":"3","username":"bikash","csrf_token":"a1d9c99e4513cbf14c4cb62ad696704f9f88aaab8069368914bea114a34baf5b"} at 2025-05-22 16:49:22
Session check passed for user bikash at 2025-05-22 16:49:22
Fetch posts script started at 2025-05-22 16:49:22
Session started at 2025-05-22 16:49:22
Session data: {"id":"3","username":"bikash","csrf_token":"484c0721743726681fa8f48e0e5893a82c9d406b608cbf793fb3988c8559e51e"} at 2025-05-22 16:49:22
Session check passed for user bikash at 2025-05-22 16:49:22
Fetch posts script started at 2025-05-22 16:49:22
Session started at 2025-05-22 16:49:22
Session data: {"id":"3","username":"bikash","csrf_token":"2618ba5306fe40a809f89b7baf8153ed36af7469af2b0f639ec08667f5438bee"} at 2025-05-22 16:49:22
Session check passed for user bikash at 2025-05-22 16:49:22
Fetch posts script started at 2025-05-22 16:49:22
Session started at 2025-05-22 16:49:22
Session data: {"id":"3","username":"bikash","csrf_token":"03be43f8c3f5452e491696f301cc34cc4583c32358cf3ba89c9b404179a15b82"} at 2025-05-22 16:49:22
Session check passed for user bikash at 2025-05-22 16:49:22
Fetch posts script started at 2025-05-22 16:51:19
Session started at 2025-05-22 16:51:19
Session data: {"id":"3","username":"bikash","csrf_token":"dd15bd36daacf4bc7b24f8dfc1c04b390ddef4824b2f0eb4a27595b8d2149003"} at 2025-05-22 16:51:19
Session check passed for user bikash at 2025-05-22 16:51:19
Fetch posts script started at 2025-05-22 16:51:19
Session started at 2025-05-22 16:51:19
Session data: {"id":"3","username":"bikash","csrf_token":"fb1c4b0309260e4bdc15d75b8b53bf6ab917ac16dbd57011418e87e9fa4031f8"} at 2025-05-22 16:51:19
Session check passed for user bikash at 2025-05-22 16:51:19
Fetch posts script started at 2025-05-22 16:51:20
Session started at 2025-05-22 16:51:20
Session data: {"id":"3","username":"bikash","csrf_token":"d2b5e47de8d76f4cbc0de31981e1bae1706847914aa4e51d1c3d341cffe0265f"} at 2025-05-22 16:51:20
Session check passed for user bikash at 2025-05-22 16:51:20
Fetch posts script started at 2025-05-22 16:54:45
Session started at 2025-05-22 16:54:45
Session data: [] at 2025-05-22 16:54:45
Fetch posts script started at 2025-05-22 16:54:45
Session started at 2025-05-22 16:54:45
Session data: [] at 2025-05-22 16:54:45
Fetch posts script started at 2025-05-22 16:54:48
Session started at 2025-05-22 16:54:48
Session data: [] at 2025-05-22 16:54:48
Fetch posts script started at 2025-05-22 17:01:52
Session started at 2025-05-22 17:01:52
Session data: {"id":"3","username":"bikash","csrf_token":"0e06df6a9e0efdde336689d695bc65459559a2388e3156dfdc9c961afc124688"} at 2025-05-22 17:01:52
Session check passed for user bikash at 2025-05-22 17:01:52
Fetch posts script started at 2025-05-22 17:01:52
Session started at 2025-05-22 17:01:52
Session data: {"id":"3","username":"bikash","csrf_token":"9d00057c7942a1e97dc5fa65e3107b2c7e25dcdd201dfda757cebb6b9b69ca39"} at 2025-05-22 17:01:52
Session check passed for user bikash at 2025-05-22 17:01:52
Fetch posts script started at 2025-05-22 17:01:53
Session started at 2025-05-22 17:01:53
Session data: {"id":"3","username":"bikash","csrf_token":"f89dec01d8290976e6d38bb69436d8e04519a479454a2f3b1fd92e8fd27cacb9"} at 2025-05-22 17:01:53
Session check passed for user bikash at 2025-05-22 17:01:53
Fetch posts script started at 2025-05-22 17:01:53
Session started at 2025-05-22 17:01:53
Session data: {"id":"3","username":"bikash","csrf_token":"84eaeec480ebea51eea45335e1c888d0b9086d45d69d8ea3ab3f886f12af9b4e"} at 2025-05-22 17:01:53
Session check passed for user bikash at 2025-05-22 17:01:53
Fetch posts script started at 2025-05-22 17:21:06
Session started at 2025-05-22 17:21:06
Session data: {"id":"3","username":"bikash","csrf_token":"48efa44a2078ce5e95e7cd6e27030d32309df0683c778a554545566c613219f4"} at 2025-05-22 17:21:06
Session check passed for user bikash at 2025-05-22 17:21:06
Fetch posts script started at 2025-05-22 17:21:12
Session started at 2025-05-22 17:21:12
Session data: {"id":"3","username":"bikash","csrf_token":"ae2d0bdf1e12ce33609eed422f2006b3e0162c165509f2bbb5ccb9c205f29b58"} at 2025-05-22 17:21:12
Session check passed for user bikash at 2025-05-22 17:21:12
Fetch posts script started at 2025-05-22 17:21:12
Session started at 2025-05-22 17:21:12
Session data: {"id":"3","username":"bikash","csrf_token":"e22aee053856895b64b60f9b99a386f24f9dc7f1d5d41f1c299ca42c79d1de9a"} at 2025-05-22 17:21:12
Session check passed for user bikash at 2025-05-22 17:21:12
Fetch posts script started at 2025-05-22 17:21:13
Session started at 2025-05-22 17:21:13
Session data: {"id":"3","username":"bikash","csrf_token":"af09bc62160978b5848388845f131c1b90868732d3bc5845832f590b4cfd2ff0"} at 2025-05-22 17:21:13
Session check passed for user bikash at 2025-05-22 17:21:13
Fetch posts script started at 2025-05-22 17:22:05
Session started at 2025-05-22 17:22:05
Session data: {"id":"1","username":"osaka_ueda","csrf_token":"cc1f364d74a010d2c58a41ecf422678c0acdf4281fb314b9f92ab29ea71a7fa7"} at 2025-05-22 17:22:05
Session check passed for user osaka_ueda at 2025-05-22 17:22:05
Fetch posts script started at 2025-05-22 17:22:43
Session started at 2025-05-22 17:22:43
Session data: {"id":"1","username":"osaka_ueda","csrf_token":"93071a6b09bf7827d5f130328b8b789745a89fc3047d41ac0f08870db2d48fde"} at 2025-05-22 17:22:43
Session check passed for user osaka_ueda at 2025-05-22 17:22:43
Fetch posts script started at 2025-05-22 17:22:46
Session started at 2025-05-22 17:22:46
Session data: {"id":"1","username":"osaka_ueda","csrf_token":"8c4da2bd1fbc0870ef37fcb16d1936bdd0d129761d40399e79eecd0193ec4788"} at 2025-05-22 17:22:46
Session check passed for user osaka_ueda at 2025-05-22 17:22:46
Fetch posts script started at 2025-05-22 17:25:31
Session started at 2025-05-22 17:25:31
Session data: {"id":"1","username":"osaka_ueda","csrf_token":"dd10f8bbe40641cab3ef1f58b9354798c865759595b6ed11f408b5762a689044"} at 2025-05-22 17:25:31
Session check passed for user osaka_ueda at 2025-05-22 17:25:31
Fetch posts script started at 2025-05-22 17:25:53
Session started at 2025-05-22 17:25:53
Session data: {"id":"1","username":"osaka_ueda","csrf_token":"c8314404fca492486568f22ebe931557f907e7b98e3bf6e5c7b9d02fa1649d17"} at 2025-05-22 17:25:53
Session check passed for user osaka_ueda at 2025-05-22 17:25:53
Fetch posts script started at 2025-05-22 17:25:53
Session started at 2025-05-22 17:25:53
Session data: {"id":"1","username":"osaka_ueda","csrf_token":"b39ec1cd2094185212101bba6632869d33e7af5b3a66e543d03981b781ca6cbf"} at 2025-05-22 17:25:53
Session check passed for user osaka_ueda at 2025-05-22 17:25:53
Fetch posts script started at 2025-05-22 17:26:38
Session started at 2025-05-22 17:26:38
Session data: {"id":"4","username":"tokyo","csrf_token":"a2f3a1fdd0b32fbcbb087309955242c861d8026407e8edee40494ac425011689"} at 2025-05-22 17:26:38
Session check passed for user tokyo at 2025-05-22 17:26:38
Fetch posts script started at 2025-05-22 17:26:54
Session started at 2025-05-22 17:26:54
Session data: {"id":"3","username":"bikash","csrf_token":"56cb76d69aa8855de23ff763b10390e4539f6a59010b67684b7a6df6a6c3f166"} at 2025-05-22 17:26:54
Session check passed for user bikash at 2025-05-22 17:26:54
Fetch posts script started at 2025-05-22 17:35:14
Session started at 2025-05-22 17:35:14
Session data: {"id":"3","username":"bikash","csrf_token":"4c9cc57cd250830d9eaef2ca824764450e901c847cadc1d991a9d8fa3b690f6c"} at 2025-05-22 17:35:14
Session check passed for user bikash at 2025-05-22 17:35:14
Fetch posts script started at 2025-05-22 17:35:14
Session started at 2025-05-22 17:35:14
Session data: {"id":"3","username":"bikash","csrf_token":"a8a02d1e6b3ff60e98409c4372a9e36f44a6fa406aadcc5e59c46b19fa34eec7"} at 2025-05-22 17:35:14
Session check passed for user bikash at 2025-05-22 17:35:14
Fetch posts script started at 2025-05-22 17:35:14
Session started at 2025-05-22 17:35:14
Session data: {"id":"3","username":"bikash","csrf_token":"9e66e156041e5d0a049cf15f1865691d404d4d4719a229e2a14c368aab371027"} at 2025-05-22 17:35:14
Session check passed for user bikash at 2025-05-22 17:35:14
Fetch posts script started at 2025-05-22 17:35:42
Session started at 2025-05-22 17:35:42
Session data: {"id":"3","username":"bikash","csrf_token":"7391cfacbd1f26bbca00a39e9e86222c4f65e32d1a680433b0473bbcefac6ed8"} at 2025-05-22 17:35:42
Session check passed for user bikash at 2025-05-22 17:35:42
Fetch posts script started at 2025-05-22 17:40:29
Session started at 2025-05-22 17:40:29
Session data: {"id":"3","username":"bikash","csrf_token":"5ca597212a660a69e984c96c0f04f7726fc2b33c3ac38091aadbe21933f5db29"} at 2025-05-22 17:40:29
Session check passed for user bikash at 2025-05-22 17:40:29
Fetch posts script started at 2025-05-22 17:40:30
Session started at 2025-05-22 17:40:30
Session data: {"id":"3","username":"bikash","csrf_token":"48c8f428f14f36aa9274402ce275ed3030429327ec0250985ca8101e4b07b71a"} at 2025-05-22 17:40:30
Session check passed for user bikash at 2025-05-22 17:40:30
Fetch posts script started at 2025-05-22 17:40:31
Session started at 2025-05-22 17:40:31
Session data: {"id":"3","username":"bikash","csrf_token":"b15dffa043735818be8c241b5b7e44685089cb681828a387dc83792079613783"} at 2025-05-22 17:40:31
Session check passed for user bikash at 2025-05-22 17:40:31
Fetch posts script started at 2025-05-22 17:42:23
Session started at 2025-05-22 17:42:23
Session data: {"id":"3","username":"bikash","csrf_token":"28645e80cf0884c3dd986780520d87dc588de4742387d13b2a24348123e187cc"} at 2025-05-22 17:42:23
Session check passed for user bikash at 2025-05-22 17:42:23
Fetch posts script started at 2025-05-22 17:46:01
Session started at 2025-05-22 17:46:01
Session data: {"id":"3","username":"bikash","csrf_token":"c74e2ec4bf300cd367cd31c898df7773428eb4965699eeb5ee4fdee14708c206"} at 2025-05-22 17:46:01
Session check passed for user bikash at 2025-05-22 17:46:01
Fetch posts script started at 2025-05-22 17:47:19
Session started at 2025-05-22 17:47:19
Session data: {"id":"3","username":"bikash","csrf_token":"6651a05042da92e42de9ab7b59cee3d749f8b5574867d026a081428769f6bf13"} at 2025-05-22 17:47:19
Session check passed for user bikash at 2025-05-22 17:47:19
Fetch posts script started at 2025-05-22 17:47:32
Session started at 2025-05-22 17:47:32
Session data: {"id":"3","username":"bikash","csrf_token":"ae740847325f5d17e48dddd1dc404c1cb69322bb8cfcdc25ddab05f825e0f8a9"} at 2025-05-22 17:47:32
Session check passed for user bikash at 2025-05-22 17:47:32
Fetch posts script started at 2025-05-22 17:47:33
Session started at 2025-05-22 17:47:33
Session data: {"id":"3","username":"bikash","csrf_token":"bcf9e3e531a1369947c1a079d1d3f0064286908ba7b3451f1d91f231fb96399c"} at 2025-05-22 17:47:33
Session check passed for user bikash at 2025-05-22 17:47:33
Fetch posts script started at 2025-05-22 17:47:41
Session started at 2025-05-22 17:47:41
Session data: {"id":"3","username":"bikash","csrf_token":"34b48ca8fc3b0411dc88ecb235bae93dd864bf00d511ce2b167a3d3acc3a408d"} at 2025-05-22 17:47:41
Session check passed for user bikash at 2025-05-22 17:47:41
Fetch posts script started at 2025-05-22 17:47:41
Session started at 2025-05-22 17:47:41
Session data: {"id":"3","username":"bikash","csrf_token":"cfc63c871c54dd398b52a7e7d78d54b448468a9c946382f9d0afe0739626c088"} at 2025-05-22 17:47:41
Session check passed for user bikash at 2025-05-22 17:47:41
Fetch posts script started at 2025-05-22 17:54:44
Session started at 2025-05-22 17:54:44
Session data: {"id":"3","username":"bikash","csrf_token":"7ee46efb47e5a5bfc44df15ee501b553e4533789d6d14aa7311a5fd84a96ede0"} at 2025-05-22 17:54:44
Session check passed for user bikash at 2025-05-22 17:54:44
Fetch posts script started at 2025-05-22 17:55:19
Session started at 2025-05-22 17:55:19
Session data: {"id":"3","username":"bikash","csrf_token":"df723c41709c83a46b078fcec43cb5f6b89e24aac041087f67b216cf6fa19ccf"} at 2025-05-22 17:55:19
Session check passed for user bikash at 2025-05-22 17:55:19
Fetch posts script started at 2025-05-22 17:56:53
Session started at 2025-05-22 17:56:53
Session data: {"id":"1","username":"osaka_ueda","csrf_token":"a16b1e96d6a01d24fe4224ab2660cf45affa8e2f8a40b2fcd9e60291c12cee44"} at 2025-05-22 17:56:53
Session check passed for user osaka_ueda at 2025-05-22 17:56:53
Fetch posts script started at 2025-05-22 17:57:49
Session started at 2025-05-22 17:57:49
Session data: {"id":"1","username":"osaka_ueda","csrf_token":"34db6157035ea23bed856d557b355b42b186b65ad41f7111fff7449ad5e73a2b"} at 2025-05-22 17:57:49
Session check passed for user osaka_ueda at 2025-05-22 17:57:49
Fetch posts script started at 2025-05-22 17:57:50
Session started at 2025-05-22 17:57:50
Session data: {"id":"1","username":"osaka_ueda","csrf_token":"3108c0485722aed7f205447ea0c5e4c43beeeb3d0e47287dcf31a60b1a19defa"} at 2025-05-22 17:57:50
Session check passed for user osaka_ueda at 2025-05-22 17:57:50
Fetch posts script started at 2025-05-22 17:58:10
Session started at 2025-05-22 17:58:10
Session data: {"id":"1","username":"osaka_ueda","csrf_token":"cb63c899c07a19e367922048fe7aa5b1b39bfbff2c0ac2600962548d43719988"} at 2025-05-22 17:58:10
Session check passed for user osaka_ueda at 2025-05-22 17:58:10
Fetch posts script started at 2025-05-22 17:59:25
Session started at 2025-05-22 17:59:25
Session data: {"id":"3","username":"bikash","csrf_token":"f84f5f8630ca7c5a57702dba9588ea7855b7bf42bf95148f60e377ffe8fa4b77"} at 2025-05-22 17:59:25
Session check passed for user bikash at 2025-05-22 17:59:25
Fetch posts script started at 2025-05-22 17:59:37
Session started at 2025-05-22 17:59:37
Session data: {"id":"3","username":"bikash","csrf_token":"6a04fc0a12a901d21c6ae3b9d83eaedc7774c50383cc2962648e0dedb8f2e2ee"} at 2025-05-22 17:59:37
Session check passed for user bikash at 2025-05-22 17:59:37
Fetch posts script started at 2025-05-22 17:59:37
Session started at 2025-05-22 17:59:37
Session data: {"id":"3","username":"bikash","csrf_token":"29f9408fffbd4b34478c686f59079111d125f37f736d6b3fe9332224faf783ed"} at 2025-05-22 17:59:37
Session check passed for user bikash at 2025-05-22 17:59:37
Fetch posts script started at 2025-05-22 17:59:37
Session started at 2025-05-22 17:59:37
Session data: {"id":"3","username":"bikash","csrf_token":"805641da490dfab4a454e62fdeb473d3e180bef0ab90cebeffe9e984f6bc72c7"} at 2025-05-22 17:59:37
Session check passed for user bikash at 2025-05-22 17:59:37
Fetch posts script started at 2025-05-22 17:59:37
Session started at 2025-05-22 17:59:37
Session data: {"id":"3","username":"bikash","csrf_token":"654cbb260727590d8bb577c90ccf473523754d476565e65ab1bef22dbf6cd338"} at 2025-05-22 17:59:37
Session check passed for user bikash at 2025-05-22 17:59:37
Fetch posts script started at 2025-05-22 17:59:38
Session started at 2025-05-22 17:59:38
Session data: {"id":"3","username":"bikash","csrf_token":"deeae4155e1b82a0b43010aab444951912aa070f1f1c39d60fae4c2b835a9cc0"} at 2025-05-22 17:59:38
Session check passed for user bikash at 2025-05-22 17:59:38
Fetch posts script started at 2025-05-22 17:59:46
Session started at 2025-05-22 17:59:46
Session data: {"id":"3","username":"bikash","csrf_token":"38f8b0c6d51dcced8bfa8b6ad672ab38f7004affe6b9a3f72d2e50368d7120f9"} at 2025-05-22 17:59:46
Session check passed for user bikash at 2025-05-22 17:59:46
Fetch posts script started at 2025-05-22 18:00:01
Session started at 2025-05-22 18:00:01
Session data: {"id":"3","username":"bikash","csrf_token":"43b9c182fd95359e6c4fa76e8d4d057c3c522d13c62ea5c0cbbce394c275cb36"} at 2025-05-22 18:00:01
Session check passed for user bikash at 2025-05-22 18:00:01
Fetch posts script started at 2025-05-22 18:02:15
Session started at 2025-05-22 18:02:15
Session data: {"id":"3","username":"bikash","csrf_token":"124e2e8fe8532d8d19e4ce12998175628416407d509c18e3a5f4e72dcea081e5"} at 2025-05-22 18:02:15
Session check passed for user bikash at 2025-05-22 18:02:15
Fetch posts script started at 2025-05-22 18:02:15
Session started at 2025-05-22 18:02:15
Session data: {"id":"3","username":"bikash","csrf_token":"f8c2915fb7b029a65d7c29422f335064fb384d5969f4ae6e0d44c50a9d0a27cd"} at 2025-05-22 18:02:15
Session check passed for user bikash at 2025-05-22 18:02:15
Fetch posts script started at 2025-05-22 18:02:43
Session started at 2025-05-22 18:02:43
Session data: {"id":"3","username":"bikash","csrf_token":"79a5d706abcb44d4dda1e0ac3b4523da8c794b2567b8ccaf04d5c9eb82e3e0e1"} at 2025-05-22 18:02:43
Session check passed for user bikash at 2025-05-22 18:02:43
Fetch posts script started at 2025-05-22 18:10:18
Session started at 2025-05-22 18:10:18
Session data: {"id":"1","username":"osaka_ueda","csrf_token":"7ab413c7ecf3d1261eb21ca535c0aa819c8cbd8b7d45f4de48d698eeed947542"} at 2025-05-22 18:10:18
Session check passed for user osaka_ueda at 2025-05-22 18:10:18
Fetch posts script started at 2025-05-22 18:10:19
Session started at 2025-05-22 18:10:19
Session data: {"id":"1","username":"osaka_ueda","csrf_token":"e40011b87438242179c5b612ed7fd18031c5db01e4e0c0f32cd77fe335db16f8"} at 2025-05-22 18:10:19
Session check passed for user osaka_ueda at 2025-05-22 18:10:19
Fetch posts script started at 2025-05-22 18:12:43
Session started at 2025-05-22 18:12:43
Session data: {"id":"1","username":"osaka_ueda","csrf_token":"dd85fe349814873b5aecdcedc0f8404e56e308a46c8ab1d547c286bfa8a83303"} at 2025-05-22 18:12:43
Session check passed for user osaka_ueda at 2025-05-22 18:12:43
Fetch posts script started at 2025-05-22 18:13:16
Session started at 2025-05-22 18:13:16
Session data: {"id":"1","username":"osaka_ueda","csrf_token":"352cc43c54143578cd50c929550146e6228169832961469aeb388b12380c01aa"} at 2025-05-22 18:13:16
Session check passed for user osaka_ueda at 2025-05-22 18:13:16
Fetch posts script started at 2025-05-22 18:13:20
Session started at 2025-05-22 18:13:20
Session data: {"id":"1","username":"osaka_ueda","csrf_token":"cc182424e106e4b4b237964e7ddaaf781450900ddfe785f8e24a62a494de2cac"} at 2025-05-22 18:13:20
Session check passed for user osaka_ueda at 2025-05-22 18:13:20
Fetch posts script started at 2025-05-22 18:14:11
Session started at 2025-05-22 18:14:11
Session data: {"id":"1","username":"osaka_ueda","csrf_token":"d2f070a1789558182cbfccf32feb1d4a72ba10c4ae5b415549d7515541f62c1e"} at 2025-05-22 18:14:11
Session check passed for user osaka_ueda at 2025-05-22 18:14:11
Fetch posts script started at 2025-05-22 18:19:46
Session started at 2025-05-22 18:19:46
Session data: {"id":"1","username":"osaka_ueda","csrf_token":"a38b06f48248709f4c4794d03c77ffecef1fbdbcc948959d6fbb4e89f7f6255d"} at 2025-05-22 18:19:46
Session check passed for user osaka_ueda at 2025-05-22 18:19:46
Fetch posts script started at 2025-05-22 18:20:03
Session started at 2025-05-22 18:20:03
Session data: {"id":"1","username":"osaka_ueda","csrf_token":"b2990129d91f41069aedd255c2b4444ef8070672e7aa813ee0d72805b22dc66d"} at 2025-05-22 18:20:03
Session check passed for user osaka_ueda at 2025-05-22 18:20:03
Fetch posts script started at 2025-05-22 18:20:05
Session started at 2025-05-22 18:20:05
Session data: {"id":"1","username":"osaka_ueda","csrf_token":"36c13c1855e55e0d526f9b4b08f02d350a029dc50f97d9d08440ebe1a15786d8"} at 2025-05-22 18:20:05
Session check passed for user osaka_ueda at 2025-05-22 18:20:05
Fetch posts script started at 2025-05-22 18:20:14
Session started at 2025-05-22 18:20:14
Session data: {"id":"1","username":"osaka_ueda","csrf_token":"5ecf3779b0d9475fdb853a83a4bffb5006af500231178d097f64ad428d098a19"} at 2025-05-22 18:20:14
Session check passed for user osaka_ueda at 2025-05-22 18:20:14
Fetch posts script started at 2025-05-22 18:20:23
Session started at 2025-05-22 18:20:23
Session data: {"id":"1","username":"osaka_ueda","csrf_token":"d745ca2c7673f57788a03d309d5d571a581099f5313b7bb0445f4b0c406a7b25"} at 2025-05-22 18:20:23
Session check passed for user osaka_ueda at 2025-05-22 18:20:23
Fetch posts script started at 2025-05-22 18:20:46
Session started at 2025-05-22 18:20:46
Session data: {"id":"1","username":"osaka_ueda","csrf_token":"b3604575107e7b3c7efb28c76e181fa71a1c399ff68c80e3f9aaa998725892a7"} at 2025-05-22 18:20:46
Session check passed for user osaka_ueda at 2025-05-22 18:20:46
Fetch posts script started at 2025-05-22 23:04:33
Session started at 2025-05-22 23:04:33
Session data: {"id":"3","username":"bikash","csrf_token":"d6df48d9ceee1762f3d9883a7c910d1c0bf10284233a8d27c255bf9e8fc3a106"} at 2025-05-22 23:04:33
Session check passed for user bikash at 2025-05-22 23:04:33
Fetch posts script started at 2025-05-22 23:18:22
Session started at 2025-05-22 23:18:22
Session data: {"id":"1","username":"osaka_ueda","csrf_token":"18870cceef5af5ef1ca5aa0203c93db6023c25bb252c22c65115d9a04180db38"} at 2025-05-22 23:18:22
Session check passed for user osaka_ueda at 2025-05-22 23:18:22
Fetch posts script started at 2025-05-22 23:19:21
Session started at 2025-05-22 23:19:21
Session data: {"id":"1","username":"osaka_ueda","csrf_token":"e77f1c6d6c7987fd6c4a13e430f45557cb3814317ef8b3cf4af2b90eca4a56b3"} at 2025-05-22 23:19:21
Session check passed for user osaka_ueda at 2025-05-22 23:19:21
Fetch posts script started at 2025-05-22 23:20:11
Session started at 2025-05-22 23:20:11
Session data: {"id":"1","username":"osaka_ueda","csrf_token":"8147e7597c9f0588c7fc39a9c070a0e8c7628a64777fb029c7e0e55333196c00"} at 2025-05-22 23:20:11
Session check passed for user osaka_ueda at 2025-05-22 23:20:11
Fetch posts script started at 2025-05-22 23:23:03
Session started at 2025-05-22 23:23:03
Session data: {"id":"1","username":"osaka_ueda","csrf_token":"07a374af586c48b6bd7a990c5f6b8a31cc4083039ffa50cd4c8b0b6356b6e12e"} at 2025-05-22 23:23:03
Session check passed for user osaka_ueda at 2025-05-22 23:23:03
Fetch posts script started at 2025-05-23 08:54:05
Session started at 2025-05-23 08:54:05
Session data: {"id":"1","username":"osaka_ueda","csrf_token":"41e66af554b12b6a6ca4e932f1028535dfa9adbfb533fd5cbdc17d44a6b06d88"} at 2025-05-23 08:54:05
Session check passed for user osaka_ueda at 2025-05-23 08:54:05
